<?xml version="1.0" encoding="utf-8"?><testsuites><testsuite errors="0" failures="6" hostname="DEV-S1-T5" name="pytest" skipped="0" tests="12" time="0.127" timestamp="2020-05-20T18:43:06.123386"><testcase classname="test_submit.TestChalange2" file="test_submit.py" line="6" name="test_instance_class" time="0.001"><failure message="Failed: DID NOT RAISE &lt;class &apos;TypeError&apos;&gt;">E   Failed: DID NOT RAISE &lt;class &apos;TypeError&apos;&gt;</failure></testcase><testcase classname="test_submit.TestChalange2" file="test_submit.py" line="10" name="test_protected_attribute_manager" time="0.001"></testcase><testcase classname="test_submit.TestChalange2" file="test_submit.py" line="15" name="test_protected_attribute" time="0.001"><failure message="Failed: DID NOT RAISE &lt;class &apos;AttributeError&apos;&gt;">E   Failed: DID NOT RAISE &lt;class &apos;AttributeError&apos;&gt;</failure></testcase><testcase classname="test_submit.TestChalange2" file="test_submit.py" line="20" name="test_total_hours_seller" time="0.002"><failure message="assert 6 == 8
  +6
  -8">+6
      -8
E   assert 6 == 8</failure></testcase><testcase classname="test_submit.TestChalange2" file="test_submit.py" line="24" name="test_total_hours_manager" time="0.000"><failure message="assert 6 == 8
  +6
  -8">+6
      -8
E   assert 6 == 8</failure></testcase><testcase classname="test_submit.TestChalange2" file="test_submit.py" line="28" name="test_get_department_seller" time="0.000"><failure message="AttributeError: &apos;Seller&apos; object has no attribute &apos;get_departament&apos;">E   AttributeError: &apos;Seller&apos; object has no attribute &apos;get_departament&apos;</failure></testcase><testcase classname="test_submit.TestChalange2" file="test_submit.py" line="32" name="test_get_department_manager" time="0.001"><failure message="AttributeError: &apos;Manager&apos; object has no attribute &apos;get_departament&apos;">E   AttributeError: &apos;Manager&apos; object has no attribute &apos;get_departament&apos;</failure></testcase><testcase classname="test_submit.TestChalange2" file="test_submit.py" line="36" name="test_sales_seller" time="0.001"></testcase><testcase classname="test_submit.TestChalange2" file="test_submit.py" line="42" name="test_protected_attribute_sales" time="0.001"></testcase><testcase classname="test_submit.TestChalange2" file="test_submit.py" line="47" name="test_calc_bonus_seller" time="0.001"></testcase><testcase classname="test_submit.TestChalange2" file="test_submit.py" line="53" name="test_calc_bonus_manger" time="0.000"></testcase><testcase classname="test_submit.TestChalange2" file="test_submit.py" line="57" name="test_get_sales_manger" time="0.001"></testcase></testsuite></testsuites>